Replace Part *1 AVR ISP 6 PIN HEADER in C:\Users\mingw\Documents\GitHub\RTD-Breakout-Board\MING_RTD_BOARD\MING RTD.SchDoc with AVR ISP 6 PIN HEADER from Main.SchLib
Replace Part C1 C83054 in C:\Users\mingw\Documents\GitHub\RTD-Breakout-Board\MING_RTD_BOARD\MING RTD.SchDoc with C83054 from Main.SchLib
Replace Part C2 C83054 in C:\Users\mingw\Documents\GitHub\RTD-Breakout-Board\MING_RTD_BOARD\MING RTD.SchDoc with C83054 from Main.SchLib
Replace Part C3 C83054 in C:\Users\mingw\Documents\GitHub\RTD-Breakout-Board\MING_RTD_BOARD\MING RTD.SchDoc with C83054 from Main.SchLib
Replace Part C4 C83054 in C:\Users\mingw\Documents\GitHub\RTD-Breakout-Board\MING_RTD_BOARD\MING RTD.SchDoc with C83054 from Main.SchLib
Replace Part C5 C83054 in C:\Users\mingw\Documents\GitHub\RTD-Breakout-Board\MING_RTD_BOARD\MING RTD.SchDoc with C83054 from Main.SchLib
Replace Part C6 C83054 in C:\Users\mingw\Documents\GitHub\RTD-Breakout-Board\MING_RTD_BOARD\MING RTD.SchDoc with C83054 from Main.SchLib
Replace Part C7 C57112 in C:\Users\mingw\Documents\GitHub\RTD-Breakout-Board\MING_RTD_BOARD\MING RTD.SchDoc with C57112 from Main.SchLib
Replace Part C8 C302065 in C:\Users\mingw\Documents\GitHub\RTD-Breakout-Board\MING_RTD_BOARD\MING RTD.SchDoc with C302065 from Main.SchLib
Replace Part C9 C302065 in C:\Users\mingw\Documents\GitHub\RTD-Breakout-Board\MING_RTD_BOARD\MING RTD.SchDoc with C302065 from Main.SchLib
Replace Part J1 C146120 in C:\Users\mingw\Documents\GitHub\RTD-Breakout-Board\MING_RTD_BOARD\MING RTD.SchDoc with C146120 from Main.SchLib
Replace Part J2 C20079 in C:\Users\mingw\Documents\GitHub\RTD-Breakout-Board\MING_RTD_BOARD\MING RTD.SchDoc with C20079 from Main.SchLib
Replace Part L1 C165977 in C:\Users\mingw\Documents\GitHub\RTD-Breakout-Board\MING_RTD_BOARD\MING RTD.SchDoc with C165977 from Main.SchLib
Replace Part R1 C23186 in C:\Users\mingw\Documents\GitHub\RTD-Breakout-Board\MING_RTD_BOARD\MING RTD.SchDoc with C23186 from Main.SchLib
Replace Part R2 C23138 in C:\Users\mingw\Documents\GitHub\RTD-Breakout-Board\MING_RTD_BOARD\MING RTD.SchDoc with C23138 from Main.SchLib
Replace Part R3 C25804 in C:\Users\mingw\Documents\GitHub\RTD-Breakout-Board\MING_RTD_BOARD\MING RTD.SchDoc with C25804 from Main.SchLib
Replace Part R4 C23163 in C:\Users\mingw\Documents\GitHub\RTD-Breakout-Board\MING_RTD_BOARD\MING RTD.SchDoc with C23163 from Main.SchLib
Replace Part R5 C22935 in C:\Users\mingw\Documents\GitHub\RTD-Breakout-Board\MING_RTD_BOARD\MING RTD.SchDoc with C22935 from Main.SchLib
Replace Part U1 C779509 in C:\Users\mingw\Documents\GitHub\RTD-Breakout-Board\MING_RTD_BOARD\MING RTD.SchDoc with C779509 from Main.SchLib
Update Managed Component U2 From CMP-0394-00176-2[C202242] To CMP-0394-00176-2[REG102NA-3.3/3K] in MING RTD.SchDoc
Replace Part U3 C14877 in C:\Users\mingw\Documents\GitHub\RTD-Breakout-Board\MING_RTD_BOARD\MING RTD.SchDoc with C14877 from Main.SchLib
Replace Part U4 LM4040CIM3-2.5 in C:\Users\mingw\Documents\GitHub\RTD-Breakout-Board\MING_RTD_BOARD\MING RTD.SchDoc with LM4040CIM3-2.5 from Main.SchLib
Replace Part U5 C280831 in C:\Users\mingw\Documents\GitHub\RTD-Breakout-Board\MING_RTD_BOARD\MING RTD.SchDoc with C280831 from Main.SchLib
